[GIN-debug] [WARNING] Running in "debug" mode. Switch to "release" mode in production.
 - using env:	export GIN_MODE=release
 - using code:	gin.SetMode(gin.ReleaseMode)

[GIN-debug] GET    /css/*filepath            --> github.com/gin-gonic/gin.(*RouterGroup).createStaticHandler.func1 (4 handlers)
[GIN-debug] HEAD   /css/*filepath            --> github.com/gin-gonic/gin.(*RouterGroup).createStaticHandler.func1 (4 handlers)
[GIN-debug] Loaded HTML Templates (3): 
	- 
	- menu.html
	- view.html

[GIN-debug] GET    /api/v1/health            --> github.com/xduck7/mini-go-server/internal/app.Run.func1 (4 handlers)
[GIN-debug] POST   /api/v1/invention         --> github.com/xduck7/mini-go-server/internal/app.Run.func2 (4 handlers)
[GIN-debug] GET    /api/v1/invention         --> github.com/xduck7/mini-go-server/internal/app.Run.func3 (4 handlers)
[GIN-debug] PUT    /api/v1/invention/:id     --> github.com/xduck7/mini-go-server/internal/app.Run.func4 (4 handlers)
[GIN-debug] DELETE /api/v1/invention/:id     --> github.com/xduck7/mini-go-server/internal/app.Run.func5 (4 handlers)
[GIN-debug] GET    /api/v1/invention/:id     --> github.com/xduck7/mini-go-server/internal/app.Run.func6 (4 handlers)
[GIN-debug] GET    /inventions               --> github.com/xduck7/mini-go-server/internal/controller.InventionController.ShowAll-fm (4 handlers)
[GIN-debug] GET    /menu                     --> github.com/xduck7/mini-go-server/internal/controller.InventionController.ShowMenu-fm (4 handlers)
[GIN-debug] GET    /swagger/*any             --> github.com/swaggo/gin-swagger.CustomWrapHandler.func1 (4 handlers)
[GIN-debug] [WARNING] You trusted all proxies, this is NOT safe. We recommend you to set a value.
Please check https://pkg.go.dev/github.com/gin-gonic/gin#readme-don-t-trust-all-proxies for details.
[GIN-debug] Listening and serving HTTP on :8080
[0;30m[47m::1[0m [40m[02:03:38][0m [0;30m[42mGET[0m [0;30m[47m/inventions[0m [0;30m[42m200[0m [0;30m[47m1.186ms[0m
[0;30m[47m::1[0m [40m[02:03:41][0m [0;30m[42mGET[0m [0;30m[47m/inventions[0m [0;30m[42m200[0m [0;30m[47m2.1487ms[0m
[0;30m[47m::1[0m [40m[02:04:07][0m [0;30m[42mGET[0m [0;30m[47m/api/v1/invention/123[0m [0;30m[42m200[0m [0;30m[47m609.9µs[0m
[0;30m[47m::1[0m [40m[02:04:14][0m [0;30m[42mGET[0m [0;30m[47m/api/v1/invention/179[0m [0;30m[42m200[0m [0;30m[47m937µs[0m
[0;30m[47m::1[0m [40m[02:04:19][0m [0;30m[42mGET[0m [0;30m[47m/api/v1/invention[0m [0;30m[42m200[0m [0;30m[47m691.3µs[0m
